<?xml version="1.0" encoding="UTF-8"?>
<testng-results ignored="0" total="1" passed="1" failed="0" skipped="0">
  <reporter-output>
  </reporter-output>
  <suite started-at="2023-07-23T15:47:26 IST" name="Default suite" finished-at="2023-07-23T15:47:44 IST" duration-ms="17856">
    <groups>
    </groups>
    <test started-at="2023-07-23T15:47:26 IST" name="Default test" finished-at="2023-07-23T15:47:44 IST" duration-ms="17856">
      <class name="dataDriven.intoExcel">
        <test-method signature="writingData()[pri:0, instance:dataDriven.intoExcel@1a4013]" started-at="2023-07-23T15:47:26 IST" name="writingData" finished-at="2023-07-23T15:47:44 IST" duration-ms="17784" status="PASS">
          <reporter-output>
          </reporter-output>
        </test-method> <!-- writingData -->
      </class> <!-- dataDriven.intoExcel -->
    </test> <!-- Default test -->
  </suite> <!-- Default suite -->
</testng-results>
