<?xml version="1.0" encoding="UTF-8"?>
<testng-results ignored="0" total="1" passed="1" failed="0" skipped="0">
  <reporter-output>
  </reporter-output>
  <suite started-at="2023-08-02T23:54:04 IST" name="Default suite" finished-at="2023-08-02T23:54:23 IST" duration-ms="19231">
    <groups>
    </groups>
    <test started-at="2023-08-02T23:54:04 IST" name="Default test" finished-at="2023-08-02T23:54:23 IST" duration-ms="19231">
      <class name="forPractice1.you">
        <test-method signature="main()[pri:0, instance:forPractice1.you@693fe6c9]" started-at="2023-08-02T23:54:04 IST" name="main" finished-at="2023-08-02T23:54:23 IST" duration-ms="19091" status="PASS">
          <reporter-output>
          </reporter-output>
        </test-method> <!-- main -->
      </class> <!-- forPractice1.you -->
    </test> <!-- Default test -->
  </suite> <!-- Default suite -->
</testng-results>
